[debug] [2024-08-17T22:22:54.871Z] ----------------------------------------------------------------------
[debug] [2024-08-17T22:22:54.873Z] Command:       C:\Program Files\nodejs\node.exe C:\Users\zunig\OneDrive\Escritorio\threads app\node_modules\firebase-tools\lib\bin\firebase.js init hosting
[debug] [2024-08-17T22:22:54.873Z] CLI Version:   13.15.2
[debug] [2024-08-17T22:22:54.874Z] Platform:      win32
[debug] [2024-08-17T22:22:54.874Z] Node Version:  v20.13.1
[debug] [2024-08-17T22:22:54.874Z] Time:          Sat Aug 17 2024 17:22:54 GMT-0500 (hora estándar de Colombia)
[debug] [2024-08-17T22:22:54.874Z] ----------------------------------------------------------------------
[debug] 
[debug] [2024-08-17T22:22:54.882Z] > command requires scopes: ["email","openid","https://www.googleapis.com/auth/cloudplatformprojects.readonly","https://www.googleapis.com/auth/firebase","https://www.googleapis.com/auth/cloud-platform"]
[debug] [2024-08-17T22:22:54.883Z] > authorizing via signed-in user (zunigabolanovaleriasofia@gmail.com)
[info] 
     ######## #### ########  ######## ########     ###     ######  ########
     ##        ##  ##     ## ##       ##     ##  ##   ##  ##       ##
     ######    ##  ########  ######   ########  #########  ######  ######
     ##        ##  ##    ##  ##       ##     ## ##     ##       ## ##
     ##       #### ##     ## ######## ########  ##     ##  ######  ########

You're about to initialize a Firebase project in this directory:

  C:\Users\zunig\OneDrive\Escritorio\threads app

[info] 
=== Project Setup
[info] 
[info] First, let's associate this project directory with a Firebase project.
[info] You can create multiple project aliases by running firebase use --add, 
[info] but for now we'll just set up a default project.
[info] 
[debug] [2024-08-17T22:23:14.529Z] >>> [apiv2][query] GET https://firebase.googleapis.com/v1beta1/projects pageSize=100
[debug] [2024-08-17T22:23:15.055Z] <<< [apiv2][status] GET https://firebase.googleapis.com/v1beta1/projects 200
[debug] [2024-08-17T22:23:15.055Z] <<< [apiv2][body] GET https://firebase.googleapis.com/v1beta1/projects [omitted]
[info] i  Using project threads-7a79f (threads) 
[info] 
=== Hosting Setup
[debug] [2024-08-17T22:23:19.261Z] >>> [apiv2][query] GET https://firebase.googleapis.com/v1beta1/projects/threads-7a79f [none]
[debug] [2024-08-17T22:23:19.575Z] <<< [apiv2][status] GET https://firebase.googleapis.com/v1beta1/projects/threads-7a79f 200
[debug] [2024-08-17T22:23:19.575Z] <<< [apiv2][body] GET https://firebase.googleapis.com/v1beta1/projects/threads-7a79f {"projectId":"threads-7a79f","projectNumber":"157827710214","displayName":"threads","name":"projects/threads-7a79f","resources":{"hostingSite":"threads-7a79f","storageBucket":"threads-7a79f.appspot.com","locationId":"us-central"},"state":"ACTIVE","etag":"1_a3f5114a-4200-4b83-bcbe-a0934b81c9af"}
[info] 
[info] Your public directory is the folder (relative to your project directory) that
[info] will contain Hosting assets to be uploaded with firebase deploy. If you
[info] have a build process for your assets, use your build's output directory.
[info] 
[debug] [2024-08-17T22:24:05.165Z] >>> [apiv2][query] GET https://www.gstatic.com/firebasejs/releases.json [none]
[debug] [2024-08-17T22:24:05.328Z] <<< [apiv2][status] GET https://www.gstatic.com/firebasejs/releases.json 200
[debug] [2024-08-17T22:24:05.328Z] <<< [apiv2][body] GET https://www.gstatic.com/firebasejs/releases.json {"current":{"version":"10.13.0","browserURL":"https://www.gstatic.com/firebasejs/10.13.0/firebase.js","packageURL":"https://www.gstatic.com/firebasejs/10.13.0/firebase.tgz"},"live":{"version":"10.13","browserURL":"https://www.gstatic.com/firebasejs/live/10.13/firebase.js","packageURL":"https://www.gstatic.com/firebasejs/live/10.13/firebase.tgz"},"components":{"analytics":"https://www.gstatic.com/firebasejs/10.13.0/firebase-analytics.js","app":"https://www.gstatic.com/firebasejs/10.13.0/firebase-app.js","app-check":"https://www.gstatic.com/firebasejs/10.13.0/firebase-app-check.js","auth":"https://www.gstatic.com/firebasejs/10.13.0/firebase-auth.js","auth/cordova":"https://www.gstatic.com/firebasejs/10.13.0/firebase-auth/cordova.js","auth/web-extension":"https://www.gstatic.com/firebasejs/10.13.0/firebase-auth/web-extension.js","functions":"https://www.gstatic.com/firebasejs/10.13.0/firebase-functions.js","firestore":"https://www.gstatic.com/firebasejs/10.13.0/firebase-firestore.js","firestore/lite":"https://www.gstatic.com/firebasejs/10.13.0/firebase-firestore/lite.js","installations":"https://www.gstatic.com/firebasejs/10.13.0/firebase-installations.js","storage":"https://www.gstatic.com/firebasejs/10.13.0/firebase-storage.js","performance":"https://www.gstatic.com/firebasejs/10.13.0/firebase-performance.js","remote-config":"https://www.gstatic.com/firebasejs/10.13.0/firebase-remote-config.js","messaging":"https://www.gstatic.com/firebasejs/10.13.0/firebase-messaging.js","messaging/sw":"https://www.gstatic.com/firebasejs/10.13.0/firebase-messaging/sw.js","database":"https://www.gstatic.com/firebasejs/10.13.0/firebase-database.js","vertexai-preview":"https://www.gstatic.com/firebasejs/10.13.0/firebase-vertexai-preview.js","firestore.memory":"https://www.gstatic.com/firebasejs/10.13.0/firebase-firestore.memory.js"}}
[info] +  Wrote hosting/index.html 
[info] 
[info] i  Didn't detect a .git folder. Assuming C:\Users\zunig\OneDrive\Escritorio\threads app is the project root. 
[info] i  Authorizing with GitHub to upload your service account to a GitHub repository's secrets store. 
[info] 
[info] Visit this URL on this device to log in:
[info] https://github.com/login/oauth/authorize?client_id=89cf50f02ac6aaed3484&state=1073383225&redirect_uri=http%3A%2F%2Flocalhost%3A9005&scope=read%3Auser%20repo%20public_repo
[info] 
[info] Waiting for authentication...
